-------------------------------------------------------------------------------
Test set: cn.edu.nju.demo.DemoApplicationTests
-------------------------------------------------------------------------------
Tests run: 1, Failures: 0, Errors: 1, Skipped: 0, Time elapsed: 0.227 s <<< FAILURE! - in cn.edu.nju.demo.DemoApplicationTests
cn.edu.nju.demo.DemoApplicationTests  Time elapsed: 0.226 s  <<< ERROR!
java.lang.IllegalStateException: Unable to find a @SpringBootConfiguration, you need to use @ContextConfiguration or @SpringBootTest(classes=...) with your test

